#t, Enzyme, Substrate, Compound, Product
0.000000, 5, 5, 0, 0
0.009816, 4, 4, 1, 0
0.033414, 3, 3, 2, 0
0.081325, 2, 2, 3, 0
0.411991, 1, 1, 4, 0
0.631669, 2, 2, 3, 0
0.721632, 1, 1, 4, 0
1.734599, 0, 0, 5, 0
1.814088, 1, 1, 4, 0
1.963019, 0, 0, 5, 0
1.976413, 1, 1, 4, 0
2.429825, 2, 2, 3, 0
2.512440, 3, 3, 2, 0
2.618395, 2, 2, 3, 0
2.856900, 1, 1, 4, 0
3.083951, 2, 2, 3, 0
3.164489, 3, 3, 2, 0
3.283530, 2, 2, 3, 0
3.333103, 1, 1, 4, 0
3.357366, 2, 2, 3, 0
3.407541, 1, 1, 4, 0
3.424554, 2, 2, 3, 0
3.684604, 3, 3, 2, 0
3.699891, 2, 2, 3, 0
3.790779, 1, 1, 4, 0
3.858011, 0, 0, 5, 0
3.921392, 1, 1, 4, 0
4.651170, 2, 2, 3, 0
4.859305, 1, 1, 4, 0
4.917853, 2, 2, 3, 0
4.932982, 1, 1, 4, 0
5.317450, 2, 2, 3, 0
5.505736, 3, 3, 2, 0
5.545875, 2, 2, 3, 0
5.598460, 1, 1, 4, 0
6.099083, 0, 0, 5, 0
6.555120, 1, 1, 4, 0
6.557690, 2, 2, 3, 0
6.709071, 1, 1, 4, 0
7.974491, 2, 2, 3, 0
8.027403, 1, 1, 4, 0
8.087927, 0, 0, 5, 0
8.238515, 1, 1, 4, 0
8.376985, 0, 0, 5, 0
8.390131, 1, 1, 4, 0
8.437252, 2, 2, 3, 0
8.524724, 1, 1, 4, 0
9.217584, 2, 2, 3, 0
9.243616, 1, 1, 4, 0
9.342340, 2, 2, 3, 0
9.435472, 1, 1, 4, 0
9.513842, 0, 0, 5, 0
9.642500, 1, 1, 4, 0
9.960853, 2, 2, 3, 0
10.620903, 1, 1, 4, 0
10.732853, 2, 2, 3, 0
11.556048, 1, 1, 4, 0
11.951696, 0, 0, 5, 0
12.661528, 1, 1, 4, 0
12.679190, 0, 0, 5, 0
13.255247, 1, 1, 4, 0
13.281901, 0, 0, 5, 0
13.306531, 1, 1, 4, 0
13.355963, 2, 2, 3, 0
13.420734, 3, 3, 2, 0
13.433111, 2, 2, 3, 0
13.481419, 3, 3, 2, 0
13.563783, 2, 2, 3, 0
13.740948, 3, 3, 2, 0
13.845308, 2, 2, 3, 0
14.035557, 1, 1, 4, 0
14.200611, 2, 2, 3, 0
14.273702, 1, 1, 4, 0
14.635365, 2, 2, 3, 0
14.758418, 1, 1, 4, 0
14.965709, 0, 0, 5, 0
15.509312, 1, 1, 4, 0
15.511682, 2, 2, 3, 0
15.517076, 1, 1, 4, 0
15.533152, 2, 2, 3, 0
15.557872, 1, 1, 4, 0
15.571257, 0, 0, 5, 0
16.184710, 1, 1, 4, 0
16.432966, 2, 2, 3, 0
16.752360, 1, 1, 4, 0
16.897323, 2, 2, 3, 0
17.159329, 1, 1, 4, 0
17.202645, 2, 2, 3, 0
17.332697, 1, 1, 4, 0
17.532887, 0, 0, 5, 0
17.876907, 1, 1, 4, 0
18.131562, 0, 0, 5, 0
18.287518, 1, 1, 4, 0
18.474164, 2, 2, 3, 0
18.696194, 1, 1, 4, 0
19.068066, 2, 2, 3, 0
19.086226, 1, 1, 4, 0
19.447041, 0, 0, 5, 0
19.820013, 1, 1, 4, 0
19.944842, 2, 2, 3, 0
20.068934, 1, 1, 4, 0
20.299538, 0, 0, 5, 0
21.970999, 1, 1, 4, 0
22.494888, 0, 0, 5, 0
22.614361, 1, 1, 4, 0
23.622187, 0, 0, 5, 0
24.527526, 1, 1, 4, 0
24.939549, 2, 2, 3, 0
25.020528, 1, 1, 4, 0
25.171104, 0, 0, 5, 0
25.176209, 1, 1, 4, 0
25.478565, 2, 2, 3, 0
25.515277, 1, 1, 4, 0
25.561809, 2, 2, 3, 0
25.810194, 1, 1, 4, 0
26.127301, 2, 2, 3, 0
26.366121, 1, 1, 4, 0
26.509775, 0, 0, 5, 0
26.766813, 1, 1, 4, 0
26.857193, 0, 0, 5, 0
27.509338, 1, 1, 4, 0
27.769844, 0, 0, 5, 0
28.292284, 1, 1, 4, 0
29.238192, 2, 2, 3, 0
29.279392, 1, 1, 4, 0
29.407481, 2, 2, 3, 0
29.489323, 1, 1, 4, 0
30.230830, 2, 2, 3, 0
30.605649, 1, 1, 4, 0
30.631096, 2, 2, 3, 0
30.870078, 1, 1, 4, 0
31.203735, 0, 0, 5, 0
31.265399, 1, 1, 4, 0
31.627022, 0, 0, 5, 0
32.603563, 1, 1, 4, 0
33.098435, 2, 2, 3, 0
33.494037, 3, 3, 2, 0
33.507080, 2, 2, 3, 0
33.895850, 1, 1, 4, 0
34.267340, 0, 0, 5, 0
34.754359, 1, 1, 4, 0
34.876287, 0, 0, 5, 0
35.321123, 1, 1, 4, 0
35.367927, 2, 2, 3, 0
35.396505, 1, 1, 4, 0
35.723406, 2, 2, 3, 0
35.896155, 1, 1, 4, 0
35.920504, 0, 0, 5, 0
36.631712, 1, 1, 4, 0
37.033692, 2, 2, 3, 0
37.146497, 1, 1, 4, 0
37.233972, 0, 0, 5, 0
37.740815, 1, 1, 4, 0
37.763484, 0, 0, 5, 0
38.160517, 1, 1, 4, 0
38.811608, 2, 2, 3, 0
38.860983, 3, 3, 2, 0
39.043802, 2, 2, 3, 0
39.128500, 3, 3, 2, 0
39.177459, 2, 2, 3, 0
39.296098, 1, 1, 4, 0
39.483719, 0, 0, 5, 0
40.564733, 1, 1, 4, 0
40.606807, 2, 2, 3, 0
40.703679, 3, 3, 2, 0
40.729888, 2, 2, 3, 0
41.010472, 1, 1, 4, 0
41.893522, 2, 2, 3, 0
41.903326, 1, 1, 4, 0
42.005334, 0, 0, 5, 0
42.611854, 1, 1, 4, 0
43.591005, 2, 2, 3, 0
43.777406, 1, 1, 4, 0
44.635967, 2, 2, 3, 0
44.719205, 1, 1, 4, 0
44.807377, 2, 2, 3, 0
45.162019, 1, 1, 4, 0
45.486080, 0, 0, 5, 0
46.013606, 1, 1, 4, 0
46.229945, 0, 0, 5, 0
47.849561, 1, 1, 4, 0
48.081165, 2, 2, 3, 0
48.092128, 3, 3, 2, 0
48.211333, 2, 2, 3, 0
48.230591, 3, 3, 2, 0
48.242164, 2, 2, 3, 0
48.421219, 3, 3, 2, 0
48.638428, 2, 2, 3, 0
48.697434, 1, 1, 4, 0
48.724863, 2, 2, 3, 0
48.740170, 1, 1, 4, 0
49.194415, 2, 2, 3, 0
49.452944, 1, 1, 4, 0
50.059395, 0, 0, 5, 0
50.388096, 1, 1, 4, 0
50.533816, 2, 2, 3, 0
50.563187, 1, 1, 4, 0
50.676097, 2, 2, 3, 0
51.192879, 1, 1, 4, 0
51.822982, 2, 2, 3, 0
51.988780, 1, 1, 4, 0
52.204563, 2, 2, 3, 0
52.761109, 3, 3, 2, 0
52.774329, 2, 2, 3, 0
52.774517, 3, 3, 2, 0
52.811837, 2, 2, 3, 0
52.913099, 1, 1, 4, 0
53.142824, 2, 2, 3, 0
53.175619, 3, 3, 2, 0
53.199998, 2, 2, 3, 0
53.312807, 3, 3, 2, 0
53.371634, 2, 2, 3, 0
53.374868, 1, 1, 4, 0
53.994589, 2, 2, 3, 0
54.164252, 3, 3, 2, 0
54.189574, 2, 2, 3, 0
54.464597, 1, 1, 4, 0
54.945514, 2, 2, 3, 0
54.955988, 1, 1, 4, 0
55.267193, 2, 2, 3, 0
55.300098, 3, 3, 2, 0
55.314503, 2, 2, 3, 0
55.635210, 1, 1, 4, 0
55.913822, 2, 2, 3, 0
56.060399, 1, 1, 4, 0
56.222004, 0, 0, 5, 0
57.610715, 1, 1, 4, 0
58.560609, 2, 2, 3, 0
58.599559, 3, 3, 2, 0
58.878880, 2, 2, 3, 0
59.111903, 3, 3, 2, 0
59.126239, 2, 2, 3, 0
59.211194, 3, 3, 2, 0
59.406225, 2, 2, 3, 0
59.641934, 1, 1, 4, 0
60.166902, 2, 2, 3, 0
60.346273, 1, 1, 4, 0
60.616149, 2, 2, 3, 0
60.656994, 3, 3, 2, 0
60.732242, 2, 2, 3, 0
61.167773, 1, 1, 4, 0
61.391307, 0, 0, 5, 0
61.446539, 1, 1, 4, 0
61.712222, 2, 2, 3, 0
61.988139, 1, 1, 4, 0
62.564454, 0, 0, 5, 0
62.804202, 1, 1, 4, 0
62.976594, 2, 2, 3, 0
63.147101, 3, 3, 2, 0
63.161835, 2, 2, 3, 0
63.217081, 3, 3, 2, 0
63.316537, 2, 2, 3, 0
63.563682, 3, 3, 2, 0
63.574089, 2, 2, 3, 0
64.172879, 3, 3, 2, 0
64.232651, 4, 3, 1, 1
64.331512, 3, 2, 2, 1
64.357686, 2, 1, 3, 1
64.547773, 3, 2, 2, 1
64.639089, 2, 1, 3, 1
64.779129, 1, 0, 4, 1
64.933843, 2, 1, 3, 1
65.117221, 1, 0, 4, 1
65.343266, 2, 1, 3, 1
65.413453, 3, 2, 2, 1
65.510033, 4, 3, 1, 1
65.558432, 3, 2, 2, 1
65.675597, 2, 1, 3, 1
65.806410, 1, 0, 4, 1
66.513661, 2, 1, 3, 1
66.522832, 1, 0, 4, 1
67.696933, 2, 1, 3, 1
68.471712, 3, 2, 2, 1
68.585257, 2, 1, 3, 1
68.610878, 1, 0, 4, 1
68.863031, 2, 1, 3, 1
68.899619, 3, 2, 2, 1
69.008421, 2, 1, 3, 1
69.852302, 3, 2, 2, 1
70.116021, 2, 1, 3, 1
70.276166, 3, 2, 2, 1
70.329133, 4, 3, 1, 1
70.401211, 3, 2, 2, 1
70.511018, 2, 1, 3, 1
71.066330, 3, 2, 2, 1
71.076184, 2, 1, 3, 1
71.571817, 3, 2, 2, 1
72.119211, 2, 1, 3, 1
72.138908, 1, 0, 4, 1
72.296740, 2, 1, 3, 1
72.474746, 3, 2, 2, 1
72.584968, 2, 1, 3, 1
72.832011, 3, 2, 2, 1
72.899684, 2, 1, 3, 1
73.121791, 1, 0, 4, 1
73.203225, 2, 1, 3, 1
74.293186, 1, 0, 4, 1
74.611057, 2, 1, 3, 1
74.793848, 1, 0, 4, 1
74.798372, 2, 1, 3, 1
74.818416, 3, 2, 2, 1
74.821058, 2, 1, 3, 1
74.907315, 3, 2, 2, 1
74.945392, 2, 1, 3, 1
74.970780, 3, 2, 2, 1
75.064147, 2, 1, 3, 1
75.380065, 1, 0, 4, 1
75.808742, 2, 1, 3, 1
76.405237, 1, 0, 4, 1
76.438212, 2, 1, 3, 1
76.596066, 1, 0, 4, 1
76.660561, 2, 1, 3, 1
76.687160, 3, 2, 2, 1
76.755384, 2, 1, 3, 1
76.895939, 3, 2, 2, 1
77.266389, 2, 1, 3, 1
77.389493, 1, 0, 4, 1
77.458225, 2, 1, 3, 1
77.862962, 1, 0, 4, 1
78.542801, 2, 1, 3, 1
78.723769, 1, 0, 4, 1
79.520034, 2, 1, 3, 1
79.600379, 3, 2, 2, 1
79.789118, 2, 1, 3, 1
80.059230, 1, 0, 4, 1
80.274987, 2, 1, 3, 1
80.363454, 3, 2, 2, 1
80.374975, 2, 1, 3, 1
80.568660, 1, 0, 4, 1
81.731086, 2, 1, 3, 1
81.772169, 1, 0, 4, 1
82.425585, 2, 1, 3, 1
82.662903, 1, 0, 4, 1
82.926298, 2, 1, 3, 1
83.002874, 1, 0, 4, 1
83.054590, 2, 1, 3, 1
83.119627, 3, 2, 2, 1
83.187593, 2, 1, 3, 1
83.262777, 3, 1, 2, 2
83.554868, 2, 0, 3, 2
85.037404, 3, 1, 2, 2
85.216583, 2, 0, 3, 2
85.391896, 3, 0, 2, 3
87.199779, 4, 1, 1, 3
87.323310, 3, 0, 2, 3
87.895758, 4, 1, 1, 3
89.571077, 3, 0, 2, 3
90.054874, 4, 1, 1, 3
90.070631, 3, 0, 2, 3
90.547948, 4, 1, 1, 3
90.574017, 3, 0, 2, 3
91.010476, 4, 1, 1, 3
91.333629, 3, 0, 2, 3
93.166662, 4, 1, 1, 3
93.208984, 3, 0, 2, 3
94.246961, 4, 1, 1, 3
94.335883, 3, 0, 2, 3
94.683903, 4, 1, 1, 3
95.864501, 3, 0, 2, 3
97.180481, 4, 1, 1, 3
97.391502, 3, 0, 2, 3
99.424909, 4, 1, 1, 3
99.757616, 3, 0, 2, 3
100.157608, 4, 1, 1, 3
100.432877, 3, 0, 2, 3
100.484312, 4, 1, 1, 3
100.563434, 3, 0, 2, 3
100.667270, 4, 1, 1, 3
100.700079, 3, 0, 2, 3
101.107812, 4, 1, 1, 3
101.134168, 3, 0, 2, 3
101.511740, 4, 1, 1, 3
101.516377, 3, 0, 2, 3
105.060444, 4, 1, 1, 3
105.340381, 5, 2, 0, 3
105.430286, 4, 1, 1, 3
105.505486, 5, 2, 0, 3
105.594443, 4, 1, 1, 3
105.912176, 3, 0, 2, 3
106.635933, 4, 1, 1, 3
107.057829, 3, 0, 2, 3
109.592971, 4, 1, 1, 3
109.648484, 3, 0, 2, 3
110.146084, 4, 1, 1, 3
110.499757, 3, 0, 2, 3
111.175086, 4, 1, 1, 3
111.373422, 3, 0, 2, 3
113.532590, 4, 1, 1, 3
113.721747, 3, 0, 2, 3
114.068557, 4, 1, 1, 3
114.084371, 3, 0, 2, 3
115.363493, 4, 1, 1, 3
115.407055, 3, 0, 2, 3
116.035390, 4, 1, 1, 3
116.338932, 3, 0, 2, 3
116.840154, 4, 1, 1, 3
116.933536, 3, 0, 2, 3
116.950477, 4, 1, 1, 3
117.300818, 3, 0, 2, 3
119.021941, 4, 1, 1, 3
119.308757, 3, 0, 2, 3
119.905125, 4, 1, 1, 3
120.140297, 3, 0, 2, 3
120.203565, 4, 1, 1, 3
120.225576, 5, 2, 0, 3
120.302497, 4, 1, 1, 3
120.356815, 3, 0, 2, 3
123.792329, 4, 1, 1, 3
123.953121, 3, 0, 2, 3
126.366445, 4, 1, 1, 3
126.371398, 5, 2, 0, 3
126.621322, 4, 1, 1, 3
126.795384, 3, 0, 2, 3
128.601076, 4, 1, 1, 3
128.727977, 3, 0, 2, 3
129.336208, 4, 1, 1, 3
129.451380, 3, 0, 2, 3
131.321118, 4, 1, 1, 3
131.730200, 3, 0, 2, 3
131.767364, 4, 1, 1, 3
131.813793, 3, 0, 2, 3
132.398794, 4, 1, 1, 3
132.793162, 3, 0, 2, 3
133.797895, 4, 1, 1, 3
133.804959, 5, 2, 0, 3
133.965224, 4, 1, 1, 3
134.072894, 3, 0, 2, 3
134.801739, 4, 1, 1, 3
134.883393, 3, 0, 2, 3
135.397702, 4, 1, 1, 3
135.412436, 3, 0, 2, 3
137.459897, 4, 1, 1, 3
137.833786, 3, 0, 2, 3
139.519343, 4, 1, 1, 3
139.568937, 3, 0, 2, 3
140.275296, 4, 1, 1, 3
140.995583, 3, 0, 2, 3
141.343100, 4, 1, 1, 3
141.361148, 3, 0, 2, 3
142.181606, 4, 1, 1, 3
142.870492, 3, 0, 2, 3
143.575553, 4, 1, 1, 3
143.605106, 3, 0, 2, 3
143.787683, 4, 1, 1, 3
144.819611, 3, 0, 2, 3
145.076241, 4, 1, 1, 3
145.099001, 3, 0, 2, 3
145.252013, 4, 1, 1, 3
145.378791, 3, 0, 2, 3
145.380014, 4, 0, 1, 4
146.001872, 5, 1, 0, 4
146.236299, 4, 0, 1, 4
146.272245, 5, 1, 0, 4
146.646517, 4, 0, 1, 4
148.581094, 5, 1, 0, 4
148.595797, 4, 0, 1, 4
148.631530, 5, 1, 0, 4
149.206882, 4, 0, 1, 4
149.280444, 5, 1, 0, 4
149.352426, 4, 0, 1, 4
150.516883, 5, 1, 0, 4
150.593658, 4, 0, 1, 4
151.777095, 5, 1, 0, 4
152.144560, 4, 0, 1, 4
152.702227, 5, 1, 0, 4
152.852791, 4, 0, 1, 4
153.054422, 5, 1, 0, 4
153.116426, 4, 0, 1, 4
154.340703, 5, 1, 0, 4
154.427647, 4, 0, 1, 4
156.457923, 5, 1, 0, 4
157.221459, 4, 0, 1, 4
158.391418, 5, 1, 0, 4
158.521075, 4, 0, 1, 4
159.564659, 5, 1, 0, 4
159.976112, 4, 0, 1, 4
160.045590, 5, 1, 0, 4
160.086418, 4, 0, 1, 4
161.652214, 5, 1, 0, 4
161.660108, 4, 0, 1, 4
164.237165, 5, 1, 0, 4
164.245449, 4, 0, 1, 4
164.738618, 5, 1, 0, 4
164.855201, 4, 0, 1, 4
169.498354, 5, 1, 0, 4
169.672362, 4, 0, 1, 4
172.830158, 5, 1, 0, 4
173.018968, 4, 0, 1, 4
180.762959, 5, 1, 0, 4
180.763220, 4, 0, 1, 4
180.857203, 5, 1, 0, 4
180.936683, 4, 0, 1, 4
182.771276, 5, 1, 0, 4
183.138894, 4, 0, 1, 4
183.854449, 5, 1, 0, 4
183.929568, 4, 0, 1, 4
187.888232, 5, 1, 0, 4
188.112205, 4, 0, 1, 4
190.398602, 5, 1, 0, 4
190.892133, 4, 0, 1, 4
192.060510, 5, 1, 0, 4
192.375873, 4, 0, 1, 4
192.967059, 5, 1, 0, 4
193.284681, 4, 0, 1, 4
196.906050, 5, 1, 0, 4
197.371226, 4, 0, 1, 4
197.885110, 5, 1, 0, 4
198.077922, 4, 0, 1, 4
199.521606, 5, 1, 0, 4
199.841973, 4, 0, 1, 4
